<?xml version="1.0" encoding="UTF-8"?>
<!-- Generated by org.testng.reporters.JUnitXMLReporter -->
<testsuite hostname="COMP3" ignored="0" name="Default test" tests="4" failures="0" timestamp="16 Feb 2021 10:54:00 GMT" time="119.216" errors="0">
  <testcase name="loginTest" time="8.33" classname="GSH.DataTypes.LoginTest"/>
  <testcase name="clickCreateNewReport" time="33.827" classname="GSH.DataTypes.LoginTest"/>
  <testcase name="clickCreateNewReport" time="37.735" classname="GSH.DataTypes.LoginTest"/>
  <testcase name="clickCreateNewReport" time="35.076" classname="GSH.DataTypes.LoginTest"/>
</testsuite> <!-- Default test -->
