<?xml version="1.0" encoding="UTF-8"?>
<testng-results skipped="0" failed="0" ignored="0" total="4" passed="4">
  <reporter-output>
  </reporter-output>
  <suite name="Default suite" duration-ms="119216" started-at="2021-02-16T10:52:01Z" finished-at="2021-02-16T10:54:00Z">
    <groups>
    </groups>
    <test name="Default test" duration-ms="119216" started-at="2021-02-16T10:52:01Z" finished-at="2021-02-16T10:54:00Z">
      <class name="GSH.DataTypes.LoginTest">
        <test-method status="PASS" signature="setup()[pri:0, instance:GSH.DataTypes.LoginTest@192c3f1e]" name="setup" is-config="true" duration-ms="3535" started-at="2021-02-16T10:52:01Z" finished-at="2021-02-16T10:52:05Z">
          <reporter-output>
          </reporter-output>
        </test-method> <!-- setup -->
        <test-method status="PASS" signature="loginTest()[pri:0, instance:GSH.DataTypes.LoginTest@192c3f1e]" name="loginTest" duration-ms="8330" started-at="2021-02-16T10:52:05Z" finished-at="2021-02-16T10:52:13Z">
          <reporter-output>
          </reporter-output>
        </test-method> <!-- loginTest -->
        <test-method status="PASS" signature="clickCreateNewReport(java.lang.String)[pri:0, instance:GSH.DataTypes.LoginTest@192c3f1e]" name="clickCreateNewReport" duration-ms="33827" started-at="2021-02-16T10:52:14Z" data-provider="getReportName" depends-on-methods="GSH.DataTypes.LoginTest.loginTest" finished-at="2021-02-16T10:52:47Z">
          <params>
            <param index="0">
              <value>
                <![CDATA[ABG]]>
              </value>
            </param>
          </params>
          <reporter-output>
          </reporter-output>
        </test-method> <!-- clickCreateNewReport -->
        <test-method status="PASS" signature="clickCreateNewReport(java.lang.String)[pri:0, instance:GSH.DataTypes.LoginTest@192c3f1e]" name="clickCreateNewReport" duration-ms="37735" started-at="2021-02-16T10:52:47Z" data-provider="getReportName" depends-on-methods="GSH.DataTypes.LoginTest.loginTest" finished-at="2021-02-16T10:53:25Z">
          <params>
            <param index="0">
              <value>
                <![CDATA[BoneScan]]>
              </value>
            </param>
          </params>
          <reporter-output>
          </reporter-output>
        </test-method> <!-- clickCreateNewReport -->
        <test-method status="PASS" signature="clickCreateNewReport(java.lang.String)[pri:0, instance:GSH.DataTypes.LoginTest@192c3f1e]" name="clickCreateNewReport" duration-ms="35076" started-at="2021-02-16T10:53:25Z" data-provider="getReportName" depends-on-methods="GSH.DataTypes.LoginTest.loginTest" finished-at="2021-02-16T10:54:00Z">
          <params>
            <param index="0">
              <value>
                <![CDATA[RecipientLaproromy]]>
              </value>
            </param>
          </params>
          <reporter-output>
          </reporter-output>
        </test-method> <!-- clickCreateNewReport -->
      </class> <!-- GSH.DataTypes.LoginTest -->
    </test> <!-- Default test -->
  </suite> <!-- Default suite -->
</testng-results>
